<?xml version="1.0" encoding="UTF-8"?>
<!-- Generated by org.testng.reporters.JUnitReportReporter -->
<testsuite hostname="dong-Lenovo-Legion-R7000P2020H" failures="0" tests="12" name="hust.cs.javacourse.search.index.DocumentTest" time="0.005" errors="0" timestamp="13 4æœˆ 2022 11:33:51 GMT" skipped="0">
  <testcase classname="hust.cs.javacourse.search.index.DocumentTest" name="testContains" time="0.000"/>
  <testcase classname="hust.cs.javacourse.search.index.DocumentTest" name="testSetDocPath" time="0.000"/>
  <testcase classname="hust.cs.javacourse.search.index.DocumentTest" name="testTestToString" time="0.004"/>
  <testcase classname="hust.cs.javacourse.search.index.DocumentTest" name="testContains" time="0.000"/>
  <testcase classname="hust.cs.javacourse.search.index.DocumentTest" name="testGetTuples" time="0.000"/>
  <testcase classname="hust.cs.javacourse.search.index.DocumentTest" name="testGetTuple" time="0.000"/>
  <testcase classname="hust.cs.javacourse.search.index.DocumentTest" name="testGetDocPath" time="0.000"/>
  <testcase classname="hust.cs.javacourse.search.index.DocumentTest" name="testAddTuple" time="0.000"/>
  <testcase classname="hust.cs.javacourse.search.index.DocumentTest" name="testGetTupleSize" time="0.000"/>
  <testcase classname="hust.cs.javacourse.search.index.DocumentTest" name="testSetDocId" time="0.001"/>
  <testcase classname="hust.cs.javacourse.search.index.DocumentTest" name="testGetDocId" time="0.000"/>
  <testcase classname="hust.cs.javacourse.search.index.DocumentTest" name="testGetTupleSize" time="0.000"/>
</testsuite> <!-- hust.cs.javacourse.search.index.DocumentTest -->
