<?xml version="1.0" encoding="UTF-8"?>
<!-- Generated by org.testng.reporters.JUnitReportReporter -->
<testsuite hostname="dong-Lenovo-Legion-R7000P2020H" failures="0" tests="2" name="hust.cs.javacourse.search.query.IndexSearcherTest" time="0.000" errors="0" timestamp="13 4æœˆ 2022 11:33:51 GMT" skipped="1">
  <testcase classname="hust.cs.javacourse.search.query.IndexSearcherTest" name="testTestSearch" time="0.000"/>
  <testcase classname="hust.cs.javacourse.search.query.IndexSearcherTest" name="testSearch" time="0.000">
    <skipped/>
  </testcase> <!-- testSearch -->
</testsuite> <!-- hust.cs.javacourse.search.query.IndexSearcherTest -->
