<?xml version="1.0" encoding="UTF-8"?>
<!-- Generated by org.testng.reporters.JUnitReportReporter -->
<testsuite hostname="dong-Lenovo-Legion-R7000P2020H" failures="0" tests="9" name="hust.cs.javacourse.search.index.TermTest" time="0.022" errors="0" timestamp="13 4æœˆ 2022 11:33:51 GMT" skipped="0">
  <testcase classname="hust.cs.javacourse.search.index.TermTest" name="testGetContent" time="0.000"/>
  <testcase classname="hust.cs.javacourse.search.index.TermTest" name="testReadObject" time="0.000"/>
  <testcase classname="hust.cs.javacourse.search.index.TermTest" name="testWriteObject" time="0.021"/>
  <testcase classname="hust.cs.javacourse.search.index.TermTest" name="testCompareTo" time="0.000"/>
  <testcase classname="hust.cs.javacourse.search.index.TermTest" name="testTestEquals" time="0.000"/>
  <testcase classname="hust.cs.javacourse.search.index.TermTest" name="testSetContent" time="0.000"/>
  <testcase classname="hust.cs.javacourse.search.index.TermTest" name="testTestToString" time="0.000"/>
  <testcase classname="hust.cs.javacourse.search.index.TermTest" name="testCompareTo" time="0.000"/>
  <testcase classname="hust.cs.javacourse.search.index.TermTest" name="testTestEquals" time="0.001"/>
</testsuite> <!-- hust.cs.javacourse.search.index.TermTest -->
