<?xml version="1.0" encoding="UTF-8"?>
<!-- Generated by org.testng.reporters.JUnitReportReporter -->
<testsuite hostname="dong-Lenovo-Legion-R7000P2020H" failures="0" tests="2" name="hust.cs.javacourse.search.index.DocumentBuilderTest" time="0.000" errors="0" timestamp="13 4æœˆ 2022 11:33:51 GMT" skipped="2">
  <testcase classname="hust.cs.javacourse.search.index.DocumentBuilderTest" name="testTestBuild" time="0.000">
    <skipped/>
  </testcase> <!-- testTestBuild -->
  <testcase classname="hust.cs.javacourse.search.index.DocumentBuilderTest" name="testBuild" time="0.000">
    <skipped/>
  </testcase> <!-- testBuild -->
</testsuite> <!-- hust.cs.javacourse.search.index.DocumentBuilderTest -->
