<?xml version="1.0" encoding="UTF-8"?>
<!-- Generated by org.testng.reporters.JUnitReportReporter -->
<testsuite hostname="LAPTOP-JQIPO0C3" failures="0" tests="2" name="hust.cs.javacourse.search.parse.TermTupleScannerTest" time="0.002" errors="0" timestamp="30 5æœˆ 2022 19:46:56 GMT" skipped="0">
  <testcase classname="hust.cs.javacourse.search.parse.TermTupleScannerTest" name="testNext" time="0.001"/>
  <testcase classname="hust.cs.javacourse.search.parse.TermTupleScannerTest" name="testNext" time="0.001"/>
</testsuite> <!-- hust.cs.javacourse.search.parse.TermTupleScannerTest -->
