<?xml version="1.0" encoding="UTF-8"?>
<!-- Generated by org.testng.reporters.JUnitReportReporter -->
<testsuite hostname="LAPTOP-JQIPO0C3" failures="0" tests="16" name="hust.cs.javacourse.search.index.PostingTest" time="0.012" errors="0" timestamp="31 5æœˆ 2022 12:17:17 GMT" skipped="0">
  <testcase classname="hust.cs.javacourse.search.index.PostingTest" name="testTestEquals" time="0.001"/>
  <testcase classname="hust.cs.javacourse.search.index.PostingTest" name="testGetFreq" time="0.000"/>
  <testcase classname="hust.cs.javacourse.search.index.PostingTest" name="testWriteObject" time="0.004"/>
  <testcase classname="hust.cs.javacourse.search.index.PostingTest" name="testCompareTo" time="0.000"/>
  <testcase classname="hust.cs.javacourse.search.index.PostingTest" name="testGetDocId" time="0.000"/>
  <testcase classname="hust.cs.javacourse.search.index.PostingTest" name="testTestEquals" time="0.000"/>
  <testcase classname="hust.cs.javacourse.search.index.PostingTest" name="testGetPositions" time="0.001"/>
  <testcase classname="hust.cs.javacourse.search.index.PostingTest" name="testTestEquals" time="0.000"/>
  <testcase classname="hust.cs.javacourse.search.index.PostingTest" name="testSetDocId" time="0.000"/>
  <testcase classname="hust.cs.javacourse.search.index.PostingTest" name="testTestEquals" time="0.000"/>
  <testcase classname="hust.cs.javacourse.search.index.PostingTest" name="testSetPositions" time="0.000"/>
  <testcase classname="hust.cs.javacourse.search.index.PostingTest" name="testSort" time="0.000"/>
  <testcase classname="hust.cs.javacourse.search.index.PostingTest" name="testTestToString" time="0.004"/>
  <testcase classname="hust.cs.javacourse.search.index.PostingTest" name="testSetFreq" time="0.000"/>
  <testcase classname="hust.cs.javacourse.search.index.PostingTest" name="testTestEquals" time="0.000"/>
  <testcase classname="hust.cs.javacourse.search.index.PostingTest" name="testReadObject" time="0.002"/>
</testsuite> <!-- hust.cs.javacourse.search.index.PostingTest -->
